<?xml version="1.0" encoding="UTF-8"?>
<!-- Generated by org.testng.reporters.JUnitReportReporter -->
<testsuite hostname="HP" failures="0" tests="3" name="shrot_Testng.test1" time="83.820" errors="0" timestamp="2023-04-10T12:04:28 IST" skipped="0">
  <testcase classname="shrot_Testng.test1" name="Hyd" time="27.427"/>
  <system-out/>
  <testcase classname="shrot_Testng.test1" name="Pune1" time="31.920"/>
  <system-out/>
  <testcase classname="shrot_Testng.test1" name="shalan" time="24.473"/>
  <system-out/>
</testsuite> <!-- shrot_Testng.test1 -->
